Mar 08 02:35:14 certmanager	error	SSL/TLS: Failed to load '/etc/prosody/certs/localhost.key': Check that the path is correct, and the file exists. (for localhost)
Mar 08 02:35:14 localhost:tls	error	Error creating context for c2s: error loading private key (No such file or directory)
Mar 08 02:35:14 certmanager	error	SSL/TLS: Failed to load '/etc/prosody/certs/localhost.key': Previous error (see logs), or other system error. (for localhost)
Mar 08 02:35:14 localhost:tls	error	Error creating contexts for s2sout: error loading private key (system lib)
Mar 08 02:35:14 certmanager	error	SSL/TLS: Failed to load '/etc/prosody/certs/localhost.key': Previous error (see logs), or other system error. (for localhost)
Mar 08 02:35:14 localhost:tls	error	Error creating contexts for s2sin: error loading private key (system lib)
Mar 08 02:37:36 certmanager	error	SSL/TLS: Failed to load '/etc/prosody/certs/localhost.key': Check that the path is correct, and the file exists. (for localhost)
Mar 08 02:37:36 localhost:tls	error	Error creating context for c2s: error loading private key (No such file or directory)
Mar 08 02:37:36 certmanager	error	SSL/TLS: Failed to load '/etc/prosody/certs/localhost.key': Previous error (see logs), or other system error. (for localhost)
Mar 08 02:37:36 localhost:tls	error	Error creating contexts for s2sout: error loading private key (system lib)
Mar 08 02:37:36 certmanager	error	SSL/TLS: Failed to load '/etc/prosody/certs/localhost.key': Previous error (see logs), or other system error. (for localhost)
Mar 08 02:37:36 localhost:tls	error	Error creating contexts for s2sin: error loading private key (system lib)
Mar 08 02:38:44 certmanager	error	SSL/TLS: Failed to load '/etc/prosody/certs/localhost.key': Check that the path is correct, and the file exists. (for localhost)
Mar 08 02:38:44 localhost:tls	error	Error creating context for c2s: error loading private key (No such file or directory)
Mar 08 02:38:44 certmanager	error	SSL/TLS: Failed to load '/etc/prosody/certs/localhost.key': Previous error (see logs), or other system error. (for localhost)
Mar 08 02:38:44 localhost:tls	error	Error creating contexts for s2sout: error loading private key (system lib)
Mar 08 02:38:44 certmanager	error	SSL/TLS: Failed to load '/etc/prosody/certs/localhost.key': Previous error (see logs), or other system error. (for localhost)
Mar 08 02:38:44 localhost:tls	error	Error creating contexts for s2sin: error loading private key (system lib)
Mar 08 02:39:09 certmanager	error	SSL/TLS: Failed to load '/etc/prosody/certs/localhost.key': Check that the path is correct, and the file exists. (for localhost)
Mar 08 02:39:09 localhost:tls	error	Error creating context for c2s: error loading private key (No such file or directory)
Mar 08 02:39:09 certmanager	error	SSL/TLS: Failed to load '/etc/prosody/certs/localhost.key': Previous error (see logs), or other system error. (for localhost)
Mar 08 02:39:09 localhost:tls	error	Error creating contexts for s2sout: error loading private key (system lib)
Mar 08 02:39:09 certmanager	error	SSL/TLS: Failed to load '/etc/prosody/certs/localhost.key': Previous error (see logs), or other system error. (for localhost)
Mar 08 02:39:09 localhost:tls	error	Error creating contexts for s2sin: error loading private key (system lib)
Mar 08 02:41:05 certmanager	error	SSL/TLS: Failed to load '/etc/prosody/certs/localhost.key': Check that the path is correct, and the file exists. (for conference.localhost)
Mar 08 02:41:05 conference.localhost:tls	error	Error creating context for c2s: error loading private key (No such file or directory)
Mar 08 02:41:05 certmanager	error	SSL/TLS: Failed to load '/etc/prosody/certs/localhost.key': Previous error (see logs), or other system error. (for conference.localhost)
Mar 08 02:41:05 conference.localhost:tls	error	Error creating contexts for s2sout: error loading private key (system lib)
Mar 08 02:41:05 certmanager	error	SSL/TLS: Failed to load '/etc/prosody/certs/localhost.key': Previous error (see logs), or other system error. (for conference.localhost)
Mar 08 02:41:05 conference.localhost:tls	error	Error creating contexts for s2sin: error loading private key (system lib)
Mar 08 02:41:05 certmanager	error	SSL/TLS: Failed to load '/etc/prosody/certs/localhost.key': Check that the path is correct, and the file exists. (for localhost)
Mar 08 02:41:05 localhost:tls	error	Error creating context for c2s: error loading private key (No such file or directory)
Mar 08 02:41:05 certmanager	error	SSL/TLS: Failed to load '/etc/prosody/certs/localhost.key': Previous error (see logs), or other system error. (for localhost)
Mar 08 02:41:05 localhost:tls	error	Error creating contexts for s2sout: error loading private key (system lib)
Mar 08 02:41:05 certmanager	error	SSL/TLS: Failed to load '/etc/prosody/certs/localhost.key': Previous error (see logs), or other system error. (for localhost)
Mar 08 02:41:05 localhost:tls	error	Error creating contexts for s2sin: error loading private key (system lib)
Mar 08 03:09:50 certmanager	error	SSL/TLS: Failed to load '/etc/prosody/certs/localhost.key': Check that the path is correct, and the file exists. (for conference.localhost)
Mar 08 03:09:50 conference.localhost:tls	error	Error creating context for c2s: error loading private key (No such file or directory)
Mar 08 03:09:50 certmanager	error	SSL/TLS: Failed to load '/etc/prosody/certs/localhost.key': Previous error (see logs), or other system error. (for conference.localhost)
Mar 08 03:09:50 conference.localhost:tls	error	Error creating contexts for s2sout: error loading private key (system lib)
Mar 08 03:09:50 certmanager	error	SSL/TLS: Failed to load '/etc/prosody/certs/localhost.key': Previous error (see logs), or other system error. (for conference.localhost)
Mar 08 03:09:50 conference.localhost:tls	error	Error creating contexts for s2sin: error loading private key (system lib)
Mar 08 03:09:50 certmanager	error	SSL/TLS: Failed to load '/etc/prosody/certs/localhost.key': Check that the path is correct, and the file exists. (for localhost)
Mar 08 03:09:50 localhost:tls	error	Error creating context for c2s: error loading private key (No such file or directory)
Mar 08 03:09:50 certmanager	error	SSL/TLS: Failed to load '/etc/prosody/certs/localhost.key': Previous error (see logs), or other system error. (for localhost)
Mar 08 03:09:50 localhost:tls	error	Error creating contexts for s2sout: error loading private key (system lib)
Mar 08 03:09:50 certmanager	error	SSL/TLS: Failed to load '/etc/prosody/certs/localhost.key': Previous error (see logs), or other system error. (for localhost)
Mar 08 03:09:50 localhost:tls	error	Error creating contexts for s2sin: error loading private key (system lib)
Mar 08 04:33:48 certmanager	error	SSL/TLS: Failed to load '/etc/prosody/certs/localhost.key': Check that the path is correct, and the file exists. (for conference.localhost)
Mar 08 04:33:48 conference.localhost:tls	error	Error creating context for c2s: error loading private key (No such file or directory)
Mar 08 04:33:48 certmanager	error	SSL/TLS: Failed to load '/etc/prosody/certs/localhost.key': Previous error (see logs), or other system error. (for conference.localhost)
Mar 08 04:33:48 conference.localhost:tls	error	Error creating contexts for s2sout: error loading private key (system lib)
Mar 08 04:33:48 certmanager	error	SSL/TLS: Failed to load '/etc/prosody/certs/localhost.key': Previous error (see logs), or other system error. (for conference.localhost)
Mar 08 04:33:48 conference.localhost:tls	error	Error creating contexts for s2sin: error loading private key (system lib)
Mar 08 04:33:48 certmanager	error	SSL/TLS: Failed to load '/etc/prosody/certs/localhost.key': Check that the path is correct, and the file exists. (for localhost)
Mar 08 04:33:48 localhost:tls	error	Error creating context for c2s: error loading private key (No such file or directory)
Mar 08 04:33:48 certmanager	error	SSL/TLS: Failed to load '/etc/prosody/certs/localhost.key': Previous error (see logs), or other system error. (for localhost)
Mar 08 04:33:48 localhost:tls	error	Error creating contexts for s2sout: error loading private key (system lib)
Mar 08 04:33:48 certmanager	error	SSL/TLS: Failed to load '/etc/prosody/certs/localhost.key': Previous error (see logs), or other system error. (for localhost)
Mar 08 04:33:48 localhost:tls	error	Error creating contexts for s2sin: error loading private key (system lib)
Mar 08 04:34:33 adns	error	Error sending DNS query: Network is unreachable
Apr 18 20:23:45 certmanager	error	SSL/TLS: Failed to load '/etc/prosody/certs/localhost.key': Check that the path is correct, and the file exists. (for conference.localhost)
Apr 18 20:23:45 conference.localhost:tls	error	Error creating context for c2s: error loading private key (No such file or directory)
Apr 18 20:23:45 certmanager	error	SSL/TLS: Failed to load '/etc/prosody/certs/localhost.key': Previous error (see logs), or other system error. (for conference.localhost)
Apr 18 20:23:45 conference.localhost:tls	error	Error creating contexts for s2sout: error loading private key (system lib)
Apr 18 20:23:45 certmanager	error	SSL/TLS: Failed to load '/etc/prosody/certs/localhost.key': Previous error (see logs), or other system error. (for conference.localhost)
Apr 18 20:23:45 conference.localhost:tls	error	Error creating contexts for s2sin: error loading private key (system lib)
Apr 18 20:23:45 certmanager	error	SSL/TLS: Failed to load '/etc/prosody/certs/localhost.key': Check that the path is correct, and the file exists. (for localhost)
Apr 18 20:23:45 localhost:tls	error	Error creating context for c2s: error loading private key (No such file or directory)
Apr 18 20:23:45 certmanager	error	SSL/TLS: Failed to load '/etc/prosody/certs/localhost.key': Previous error (see logs), or other system error. (for localhost)
Apr 18 20:23:45 localhost:tls	error	Error creating contexts for s2sout: error loading private key (system lib)
Apr 18 20:23:45 certmanager	error	SSL/TLS: Failed to load '/etc/prosody/certs/localhost.key': Previous error (see logs), or other system error. (for localhost)
Apr 18 20:23:45 localhost:tls	error	Error creating contexts for s2sin: error loading private key (system lib)
Apr 28 20:23:37 certmanager	error	SSL/TLS: Failed to load '/etc/prosody/certs/localhost.key': Check that the path is correct, and the file exists. (for conference.localhost)
Apr 28 20:23:37 conference.localhost:tls	error	Error creating context for c2s: error loading private key (No such file or directory)
Apr 28 20:23:37 certmanager	error	SSL/TLS: Failed to load '/etc/prosody/certs/localhost.key': Previous error (see logs), or other system error. (for conference.localhost)
Apr 28 20:23:37 conference.localhost:tls	error	Error creating contexts for s2sout: error loading private key (system lib)
Apr 28 20:23:37 certmanager	error	SSL/TLS: Failed to load '/etc/prosody/certs/localhost.key': Previous error (see logs), or other system error. (for conference.localhost)
Apr 28 20:23:37 conference.localhost:tls	error	Error creating contexts for s2sin: error loading private key (system lib)
Apr 28 20:23:37 certmanager	error	SSL/TLS: Failed to load '/etc/prosody/certs/localhost.key': Check that the path is correct, and the file exists. (for localhost)
Apr 28 20:23:37 localhost:tls	error	Error creating context for c2s: error loading private key (No such file or directory)
Apr 28 20:23:37 certmanager	error	SSL/TLS: Failed to load '/etc/prosody/certs/localhost.key': Previous error (see logs), or other system error. (for localhost)
Apr 28 20:23:37 localhost:tls	error	Error creating contexts for s2sout: error loading private key (system lib)
Apr 28 20:23:37 certmanager	error	SSL/TLS: Failed to load '/etc/prosody/certs/localhost.key': Previous error (see logs), or other system error. (for localhost)
Apr 28 20:23:37 localhost:tls	error	Error creating contexts for s2sin: error loading private key (system lib)
Apr 28 20:23:50 adns	error	Error sending DNS query: Network is unreachable
May 06 14:19:45 certmanager	error	SSL/TLS: Failed to load '/etc/prosody/certs/localhost.key': Check that the path is correct, and the file exists. (for conference.localhost)
May 06 14:19:45 conference.localhost:tls	error	Error creating context for c2s: error loading private key (No such file or directory)
May 06 14:19:45 certmanager	error	SSL/TLS: Failed to load '/etc/prosody/certs/localhost.key': Previous error (see logs), or other system error. (for conference.localhost)
May 06 14:19:45 conference.localhost:tls	error	Error creating contexts for s2sout: error loading private key (system lib)
May 06 14:19:45 certmanager	error	SSL/TLS: Failed to load '/etc/prosody/certs/localhost.key': Previous error (see logs), or other system error. (for conference.localhost)
May 06 14:19:45 conference.localhost:tls	error	Error creating contexts for s2sin: error loading private key (system lib)
May 06 14:19:45 certmanager	error	SSL/TLS: Failed to load '/etc/prosody/certs/localhost.key': Check that the path is correct, and the file exists. (for localhost)
May 06 14:19:45 localhost:tls	error	Error creating context for c2s: error loading private key (No such file or directory)
May 06 14:19:45 certmanager	error	SSL/TLS: Failed to load '/etc/prosody/certs/localhost.key': Previous error (see logs), or other system error. (for localhost)
May 06 14:19:45 localhost:tls	error	Error creating contexts for s2sout: error loading private key (system lib)
May 06 14:19:45 certmanager	error	SSL/TLS: Failed to load '/etc/prosody/certs/localhost.key': Previous error (see logs), or other system error. (for localhost)
May 06 14:19:45 localhost:tls	error	Error creating contexts for s2sin: error loading private key (system lib)
Jun 09 12:49:58 certmanager	error	SSL/TLS: Failed to load '/etc/prosody/certs/localhost.key': Check that the path is correct, and the file exists. (for conference.localhost)
Jun 09 12:49:58 conference.localhost:tls	error	Error creating context for c2s: error loading private key (No such file or directory)
Jun 09 12:49:58 certmanager	error	SSL/TLS: Failed to load '/etc/prosody/certs/localhost.key': Previous error (see logs), or other system error. (for conference.localhost)
Jun 09 12:49:58 conference.localhost:tls	error	Error creating contexts for s2sout: error loading private key (system lib)
Jun 09 12:49:58 certmanager	error	SSL/TLS: Failed to load '/etc/prosody/certs/localhost.key': Previous error (see logs), or other system error. (for conference.localhost)
Jun 09 12:49:58 conference.localhost:tls	error	Error creating contexts for s2sin: error loading private key (system lib)
Jun 09 12:49:58 portmanager	error	Failed to open server port 5269 on ::, check that Prosody or another XMPP server is not already running and using this port
Jun 09 12:49:58 portmanager	error	Failed to open server port 5269 on *, check that Prosody or another XMPP server is not already running and using this port
Jun 09 12:49:58 certmanager	error	SSL/TLS: Failed to load '/etc/prosody/certs/localhost.key': Check that the path is correct, and the file exists. (for localhost)
Jun 09 12:49:58 localhost:tls	error	Error creating context for c2s: error loading private key (No such file or directory)
Jun 09 12:49:58 certmanager	error	SSL/TLS: Failed to load '/etc/prosody/certs/localhost.key': Previous error (see logs), or other system error. (for localhost)
Jun 09 12:49:58 localhost:tls	error	Error creating contexts for s2sout: error loading private key (system lib)
Jun 09 12:49:58 certmanager	error	SSL/TLS: Failed to load '/etc/prosody/certs/localhost.key': Previous error (see logs), or other system error. (for localhost)
Jun 09 12:49:58 localhost:tls	error	Error creating contexts for s2sin: error loading private key (system lib)
Jun 09 12:49:58 portmanager	error	Failed to open server port 5222 on ::, check that Prosody or another XMPP server is not already running and using this port
Jun 09 12:49:58 portmanager	error	Failed to open server port 5222 on *, check that Prosody or another XMPP server is not already running and using this port
